<?xml version="1.0" encoding="UTF-8"?>
<!-- Generated by org.testng.reporters.JUnitReportReporter -->
<testsuite hostname="DESKTOP-CN5PLH3" failures="0" tests="5" name="com.Test.TutorialsNinjaTest" time="31.520" errors="0" timestamp="2026-04-22T16:27:28 IST" skipped="0">
  <testcase classname="com.Test.TutorialsNinjaTest" name="invalidLogin" time="7.420"/>
  <testcase classname="com.Test.TutorialsNinjaTest" name="validLogin" time="5.888"/>
  <testcase classname="com.Test.TutorialsNinjaTest" name="SearchValid" time="6.516"/>
  <testcase classname="com.Test.TutorialsNinjaTest" name="invalidSearch" time="5.339"/>
  <testcase classname="com.Test.TutorialsNinjaTest" name="invalidLogin" time="6.357"/>
</testsuite> <!-- com.Test.TutorialsNinjaTest -->
