<?xml version="1.0" encoding="UTF-8"?>
<!-- Generated by org.testng.reporters.JUnitReportReporter -->
<testsuite hostname="DESKTOP-CN5PLH3" failures="0" tests="4" name="com.Test.TutorialsNinja" time="41.443" errors="0" timestamp="2026-04-21T19:59:57 IST" skipped="0">
  <testcase classname="com.Test.TutorialsNinja" name="invalidLogin" time="10.627"/>
  <testcase classname="com.Test.TutorialsNinja" name="invalidLogin" time="9.719"/>
  <testcase classname="com.Test.TutorialsNinja" name="Search" time="10.457"/>
  <testcase classname="com.Test.TutorialsNinja" name="validLogin" time="10.640"/>
</testsuite> <!-- com.Test.TutorialsNinja -->
