<?xml version="1.0" encoding="UTF-8"?>
<!-- Generated by org.testng.reporters.JUnitReportReporter -->
<testsuite hostname="DESKTOP-CN5PLH3" failures="0" tests="4" name="com.Test.TutorialsNinja" time="48.943" errors="0" timestamp="2026-04-21T22:08:21 IST" skipped="0">
  <testcase classname="com.Test.TutorialsNinja" name="invalidLogin" time="13.650"/>
  <testcase classname="com.Test.TutorialsNinja" name="Search" time="12.189"/>
  <testcase classname="com.Test.TutorialsNinja" name="invalidLogin" time="11.840"/>
  <testcase classname="com.Test.TutorialsNinja" name="validLogin" time="11.264"/>
</testsuite> <!-- com.Test.TutorialsNinja -->
