<?xml version="1.0" encoding="UTF-8"?>
<!-- Generated by org.testng.reporters.JUnitReportReporter -->
<testsuite hostname="DESKTOP-CN5PLH3" failures="0" tests="4" name="com.Test.TutorialsNinjaTest" time="62.358" errors="0" timestamp="2026-04-22T06:54:15 IST" skipped="0">
  <testcase classname="com.Test.TutorialsNinjaTest" name="invalidLogin" time="18.045"/>
  <testcase classname="com.Test.TutorialsNinjaTest" name="validLogin" time="12.190"/>
  <testcase classname="com.Test.TutorialsNinjaTest" name="Search" time="15.464"/>
  <testcase classname="com.Test.TutorialsNinjaTest" name="invalidLogin" time="16.659"/>
</testsuite> <!-- com.Test.TutorialsNinjaTest -->
