<?xml version="1.0" encoding="UTF-8"?>
<testng-results ignored="0" total="2" passed="2" failed="0" skipped="0">
  <reporter-output>
  </reporter-output>
  <suite started-at="2026-04-28T16:01:57 IST" name="Suite" finished-at="2026-04-28T16:02:23 IST" duration-ms="25566">
    <groups>
    </groups>
    <test started-at="2026-04-28T16:01:57 IST" name="Test" finished-at="2026-04-28T16:02:23 IST" duration-ms="25566">
      <class name="com.Test.DashBoardTest">
        <test-method is-config="true" signature="beforeClass()[pri:0, instance:com.Test.DashBoardTest@31190526]" started-at="2026-04-28T16:02:07 IST" name="beforeClass" finished-at="2026-04-28T16:02:15 IST" duration-ms="7525" status="PASS">
          <reporter-output>
          </reporter-output>
        </test-method> <!-- beforeClass -->
        <test-method signature="dashBoardTest(java.lang.String,java.lang.String)[pri:0, instance:com.Test.DashBoardTest@31190526]" started-at="2026-04-28T16:02:18 IST" name="dashBoardTest" data-provider="ValidData" finished-at="2026-04-28T16:02:22 IST" duration-ms="4407" status="PASS">
          <params>
            <param index="0">
              <value>
                <![CDATA[Admin]]>
              </value>
            </param>
            <param index="1">
              <value>
                <![CDATA[admin123]]>
              </value>
            </param>
          </params>
          <reporter-output>
          </reporter-output>
        </test-method> <!-- dashBoardTest -->
        <test-method is-config="true" signature="afterClass()[pri:0, instance:com.Test.DashBoardTest@31190526]" started-at="2026-04-28T16:02:22 IST" name="afterClass" finished-at="2026-04-28T16:02:23 IST" duration-ms="306" status="PASS">
          <reporter-output>
          </reporter-output>
        </test-method> <!-- afterClass -->
      </class> <!-- com.Test.DashBoardTest -->
      <class name="com.Test.LoginTest">
        <test-method is-config="true" signature="beforeClass()[pri:0, instance:com.Test.LoginTest@385c9627]" started-at="2026-04-28T16:01:57 IST" name="beforeClass" finished-at="2026-04-28T16:02:06 IST" duration-ms="8706" status="PASS">
          <reporter-output>
          </reporter-output>
        </test-method> <!-- beforeClass -->
        <test-method signature="loginText()[pri:0, instance:com.Test.LoginTest@385c9627]" started-at="2026-04-28T16:02:06 IST" name="loginText" finished-at="2026-04-28T16:02:07 IST" duration-ms="1303" status="PASS">
          <reporter-output>
          </reporter-output>
        </test-method> <!-- loginText -->
        <test-method is-config="true" signature="afterClass()[pri:0, instance:com.Test.LoginTest@385c9627]" started-at="2026-04-28T16:02:07 IST" name="afterClass" finished-at="2026-04-28T16:02:07 IST" duration-ms="128" status="PASS">
          <reporter-output>
          </reporter-output>
        </test-method> <!-- afterClass -->
      </class> <!-- com.Test.LoginTest -->
    </test> <!-- Test -->
  </suite> <!-- Suite -->
</testng-results>
