<?xml version="1.0" encoding="UTF-8"?>
<!-- Generated by org.testng.reporters.JUnitXMLReporter -->
<testsuite ignored="7" hostname="DESKTOP-CN5PLH3" failures="2" tests="4" name="Test" time="0.088" errors="0" timestamp="2026-04-17T12:29:54 IST">
  <testcase classname="com.Test.NewTest" name="InvalidLogin_Password" time="0.017">
    <failure type="java.lang.NullPointerException" message="Cannot invoke &amp;quot;org.openqa.selenium.WebDriver.findElement(org.openqa.selenium.By)&amp;quot; because &amp;quot;this.driver&amp;quot; is null">
      <![CDATA[java.lang.NullPointerException: Cannot invoke "org.openqa.selenium.WebDriver.findElement(org.openqa.selenium.By)" because "this.driver" is null
at com.Test.NewTest.InvalidLogin_Password(NewTest.java:48)
at java.base/java.util.ArrayList.forEach(ArrayList.java:1596)
... Removed 25 stack frames]]>
    </failure>
  </testcase> <!-- InvalidLogin_Password -->
  <testcase classname="com.Test.NewTest" name="LoginValidation" time="0.002">
    <failure type="java.lang.NullPointerException" message="Cannot invoke &amp;quot;org.openqa.selenium.WebDriver.findElement(org.openqa.selenium.By)&amp;quot; because &amp;quot;this.driver&amp;quot; is null">
      <![CDATA[java.lang.NullPointerException: Cannot invoke "org.openqa.selenium.WebDriver.findElement(org.openqa.selenium.By)" because "this.driver" is null
at com.Test.NewTest.LoginValidation(NewTest.java:32)
at java.base/java.util.ArrayList.forEach(ArrayList.java:1596)
... Removed 25 stack frames]]>
    </failure>
  </testcase> <!-- LoginValidation -->
  <testcase classname="com.Test.DependsOnGroup" name="B" time="0.002"/>
  <testcase classname="com.Test.DependsOnGroup" name="C" time="0.002"/>
  <testcase classname="com.Test.DemoForAnnotations" name="SecondTest" time="0.0">
    <ignored/>
  </testcase> <!-- SecondTest -->
  <testcase classname="com.Test.NewTest" name="InvalidLogin_UserName" time="0.0">
    <ignored/>
  </testcase> <!-- InvalidLogin_UserName -->
  <testcase classname="com.Test.DemoForAnnotations" name="FirstTest" time="0.0">
    <ignored/>
  </testcase> <!-- FirstTest -->
  <testcase classname="com.Test.DependsOnGroup" name="A" time="0.0">
    <ignored/>
  </testcase> <!-- A -->
  <testcase classname="com.Test.Demo" name="A" time="0.0">
    <ignored/>
  </testcase> <!-- A -->
  <testcase classname="com.Test.Demo" name="B" time="0.0">
    <ignored/>
  </testcase> <!-- B -->
  <testcase classname="com.Test.Demo" name="C" time="0.0">
    <ignored/>
  </testcase> <!-- C -->
</testsuite> <!-- Test -->
