<?xml version="1.0" encoding="UTF-8"?>
<!-- Generated by org.testng.reporters.JUnitXMLReporter -->
<testsuite ignored="1" hostname="DESKTOP-CN5PLH3" failures="1" tests="3" name="Test(failed)(failed)" time="10.555" errors="0" timestamp="2026-04-22T14:35:00 IST">
  <testcase classname="com.Test.TutorialsNinjaTest" name="SearchValid" time="3.211">
    <failure type="java.lang.IllegalArgumentException" message="Keys to send should be a not null CharSequence">
      <![CDATA[java.lang.IllegalArgumentException: Keys to send should be a not null CharSequence
at org.openqa.selenium.remote.RemoteWebElement.sendKeys(RemoteWebElement.java:92)
at com.Test.TutorialsNinjaTest.SearchValid(TutorialsNinjaTest.java:117)
at java.base/java.util.concurrent.Executors$RunnableAdapter.call(Executors.java:572)
at java.base/java.util.concurrent.FutureTask.run(FutureTask.java:317)
at java.base/java.util.concurrent.ThreadPoolExecutor.runWorker(ThreadPoolExecutor.java:1144)
at java.base/java.util.concurrent.ThreadPoolExecutor$Worker.run(ThreadPoolExecutor.java:642)
at java.base/java.lang.Thread.run(Thread.java:1583)
... Removed 11 stack frames]]>
    </failure>
  </testcase> <!-- SearchValid -->
  <testcase classname="com.Test.TutorialsNinjaTest" name="invalidLogin" time="5.511"/>
  <testcase classname="com.Test.TutorialsNinjaTest" name="invalidLogin" time="6.025"/>
  <testcase classname="com.Test.TutorialsNinjaTest" name="validLogin" time="0.0">
    <ignored/>
  </testcase> <!-- validLogin -->
</testsuite> <!-- Test(failed)(failed) -->
