<?xml version="1.0" encoding="UTF-8"?>
<!-- Generated by org.testng.reporters.JUnitXMLReporter -->
<testsuite ignored="0" hostname="DESKTOP-CN5PLH3" failures="0" tests="3" name="Test" time="19.871" errors="0" timestamp="2026-04-21T19:36:32 IST">
  <testcase classname="com.Test.LoginTest" name="InvalidLogin" time="5.386"/>
  <testcase classname="com.Test.LoginTest" name="InvalidLogin" time="5.617"/>
  <testcase classname="com.Test.LoginTest" name="LoginValidation" time="6.26"/>
</testsuite> <!-- Test -->
