<?xml version="1.0" encoding="UTF-8"?>
<!-- Generated by org.testng.reporters.JUnitXMLReporter -->
<testsuite ignored="0" hostname="DESKTOP-CN5PLH3" failures="0" tests="3" name="Default test" time="19.041" errors="0" timestamp="2026-04-21T12:30:44 IST">
  <testcase classname="com.Test.LoginTest" name="InvalidLogin" time="4.249"/>
  <testcase classname="com.Test.LoginTest" name="InvalidLogin" time="4.247"/>
  <testcase classname="com.Test.LoginTest" name="LoginValidation" time="6.871"/>
</testsuite> <!-- Default test -->
