<?xml version="1.0" encoding="UTF-8"?>
<!-- Generated by org.testng.reporters.JUnitXMLReporter -->
<testsuite ignored="0" hostname="DESKTOP-CN5PLH3" failures="0" tests="3" name="Test" time="10.288" errors="0" timestamp="2026-04-20T16:17:09 IST">
  <testcase classname="com.Test.DemoBlaze" name="InvalidLogin" time="3.614"/>
  <testcase classname="com.Test.DemoBlaze" name="LoginValidation" time="7.157"/>
  <testcase classname="com.Test.DemoBlaze" name="InvalidLogin" time="3.866"/>
</testsuite> <!-- Test -->
