<?xml version="1.0" encoding="UTF-8"?>
<!-- Generated by org.testng.reporters.JUnitReportReporter -->
<testsuite hostname="DESKTOP-CN5PLH3" failures="0" tests="3" name="com.Test.LoginTest" time="27.613" errors="0" timestamp="2026-04-29T22:03:53 IST" skipped="0">
  <testcase classname="com.Test.LoginTest" name="ValidLogin" time="10.665"/>
  <testcase classname="com.Test.LoginTest" name="InvalidLogin" time="9.898"/>
  <testcase classname="com.Test.LoginTest" name="InvalidLogin" time="7.050"/>
</testsuite> <!-- com.Test.LoginTest -->
