<?xml version="1.0" encoding="UTF-8"?>
<testng-results ignored="0" total="2" passed="2" failed="0" skipped="0">
  <reporter-output>
  </reporter-output>
  <suite started-at="2026-04-29T15:54:01 IST" name="Suite" finished-at="2026-04-29T15:54:20 IST" duration-ms="18234">
    <groups>
    </groups>
    <test started-at="2026-04-29T15:54:01 IST" name="Test" finished-at="2026-04-29T15:54:20 IST" duration-ms="18234">
      <class name="com.Test.DashBoardTest">
        <test-method is-config="true" signature="beforeClass()[pri:0, instance:com.Test.DashBoardTest@3eb25e1a]" started-at="2026-04-29T15:54:11 IST" name="beforeClass" finished-at="2026-04-29T15:54:16 IST" duration-ms="5010" status="PASS">
          <reporter-output>
          </reporter-output>
        </test-method> <!-- beforeClass -->
        <test-method signature="dashBoardTest()[pri:0, instance:com.Test.DashBoardTest@3eb25e1a]" started-at="2026-04-29T15:54:16 IST" name="dashBoardTest" finished-at="2026-04-29T15:54:19 IST" duration-ms="3030" status="PASS">
          <reporter-output>
          </reporter-output>
        </test-method> <!-- dashBoardTest -->
        <test-method is-config="true" signature="afterClass()[pri:0, instance:com.Test.DashBoardTest@3eb25e1a]" started-at="2026-04-29T15:54:19 IST" name="afterClass" finished-at="2026-04-29T15:54:20 IST" duration-ms="181" status="PASS">
          <reporter-output>
          </reporter-output>
        </test-method> <!-- afterClass -->
      </class> <!-- com.Test.DashBoardTest -->
      <class name="com.Test.LoginTest">
        <test-method is-config="true" signature="beforeClass()[pri:0, instance:com.Test.LoginTest@765d7657]" started-at="2026-04-29T15:54:02 IST" name="beforeClass" finished-at="2026-04-29T15:54:10 IST" duration-ms="8867" status="PASS">
          <reporter-output>
          </reporter-output>
        </test-method> <!-- beforeClass -->
        <test-method signature="loginText()[pri:0, instance:com.Test.LoginTest@765d7657]" started-at="2026-04-29T15:54:10 IST" name="loginText" finished-at="2026-04-29T15:54:11 IST" duration-ms="803" status="PASS">
          <reporter-output>
          </reporter-output>
        </test-method> <!-- loginText -->
        <test-method is-config="true" signature="afterClass()[pri:0, instance:com.Test.LoginTest@765d7657]" started-at="2026-04-29T15:54:11 IST" name="afterClass" finished-at="2026-04-29T15:54:11 IST" duration-ms="179" status="PASS">
          <reporter-output>
          </reporter-output>
        </test-method> <!-- afterClass -->
      </class> <!-- com.Test.LoginTest -->
    </test> <!-- Test -->
  </suite> <!-- Suite -->
</testng-results>
