<?xml version="1.0" encoding="UTF-8"?>
<!-- Generated by org.testng.reporters.JUnitXMLReporter -->
<testsuite ignored="0" hostname="DESKTOP-CN5PLH3" failures="0" tests="4" name="Test" time="12.671" errors="0" timestamp="2026-04-21T19:59:57 IST">
  <testcase classname="com.Test.TutorialsNinja" name="Search" time="6.31"/>
  <testcase classname="com.Test.TutorialsNinja" name="invalidLogin" time="5.939"/>
  <testcase classname="com.Test.TutorialsNinja" name="invalidLogin" time="6.902"/>
  <testcase classname="com.Test.TutorialsNinja" name="validLogin" time="7.046"/>
</testsuite> <!-- Test -->
