<?xml version="1.0" encoding="UTF-8"?>
<!-- Generated by org.testng.reporters.JUnitXMLReporter -->
<testsuite ignored="0" hostname="DESKTOP-CN5PLH3" failures="0" tests="4" name="Test" time="17.794" errors="0" timestamp="2026-04-22T06:54:14 IST">
  <testcase classname="com.Test.TutorialsNinjaTest" name="Search" time="7.367"/>
  <testcase classname="com.Test.TutorialsNinjaTest" name="invalidLogin" time="10.271"/>
  <testcase classname="com.Test.TutorialsNinjaTest" name="invalidLogin" time="7.673"/>
  <testcase classname="com.Test.TutorialsNinjaTest" name="validLogin" time="7.472"/>
</testsuite> <!-- Test -->
