<?xml version="1.0" encoding="UTF-8"?>
<!-- Generated by org.testng.reporters.JUnitXMLReporter -->
<testsuite ignored="2" hostname="DESKTOP-CN5PLH3" failures="0" tests="1" name="Test(failed)(failed)(failed)" time="6.815" errors="0" timestamp="2026-04-22T14:35:41 IST">
  <testcase classname="com.Test.TutorialsNinjaTest" name="SearchValid" time="3.909"/>
  <testcase classname="com.Test.TutorialsNinjaTest" name="validLogin" time="0.0">
    <ignored/>
  </testcase> <!-- validLogin -->
  <testcase classname="com.Test.TutorialsNinjaTest" name="invalidLogin" time="0.0">
    <ignored/>
  </testcase> <!-- invalidLogin -->
</testsuite> <!-- Test(failed)(failed)(failed) -->
