<?xml version="1.0" encoding="UTF-8"?>
<testng-results ignored="0" total="1" passed="1" failed="0" skipped="0">
  <reporter-output>
  </reporter-output>
  <suite started-at="2026-04-28T07:07:02 IST" name="Suite" finished-at="2026-04-28T07:07:12 IST" duration-ms="9723">
    <groups>
    </groups>
    <test started-at="2026-04-28T07:07:02 IST" name="Test" finished-at="2026-04-28T07:07:12 IST" duration-ms="9723">
      <class name="Listeners.NewTest">
        <test-method is-config="true" signature="beforeMethod()[pri:0, instance:Listeners.NewTest@5ddf0d24]" started-at="2026-04-28T07:07:04 IST" name="beforeMethod" finished-at="2026-04-28T07:07:08 IST" duration-ms="3965" status="PASS">
          <reporter-output>
          </reporter-output>
        </test-method> <!-- beforeMethod -->
        <test-method signature="LoginTest(java.lang.String,java.lang.String)[pri:0, instance:Listeners.NewTest@5ddf0d24]" started-at="2026-04-28T07:07:08 IST" name="LoginTest" data-provider="data" finished-at="2026-04-28T07:07:11 IST" duration-ms="3353" status="PASS">
          <params>
            <param index="0">
              <value>
                <![CDATA[charu@gmail.com]]>
              </value>
            </param>
            <param index="1">
              <value>
                <![CDATA[charu]]>
              </value>
            </param>
          </params>
          <reporter-output>
          </reporter-output>
        </test-method> <!-- LoginTest -->
        <test-method is-config="true" signature="afterMethod()[pri:0, instance:Listeners.NewTest@5ddf0d24]" started-at="2026-04-28T07:07:11 IST" name="afterMethod" finished-at="2026-04-28T07:07:12 IST" duration-ms="360" status="PASS">
          <reporter-output>
          </reporter-output>
        </test-method> <!-- afterMethod -->
      </class> <!-- Listeners.NewTest -->
    </test> <!-- Test -->
  </suite> <!-- Suite -->
</testng-results>
