<?xml version="1.0" encoding="UTF-8"?>
<!-- Generated by org.testng.reporters.JUnitXMLReporter -->
<testsuite ignored="0" hostname="DESKTOP-CN5PLH3" failures="0" tests="5" name="Default test" time="26.111" errors="0" timestamp="2026-04-22T16:27:28 IST">
  <testcase classname="com.Test.TutorialsNinjaTest" name="SearchValid" time="0.772"/>
  <testcase classname="com.Test.TutorialsNinjaTest" name="invalidLogin" time="2.489"/>
  <testcase classname="com.Test.TutorialsNinjaTest" name="invalidLogin" time="2.59"/>
  <testcase classname="com.Test.TutorialsNinjaTest" name="invalidSearch" time="0.641"/>
  <testcase classname="com.Test.TutorialsNinjaTest" name="validLogin" time="2.156"/>
</testsuite> <!-- Default test -->
