<?xml version="1.0" encoding="UTF-8"?>
<testng-results ignored="0" total="1" passed="1" failed="0" skipped="0">
  <reporter-output>
  </reporter-output>
  <suite started-at="2026-04-16T21:45:41 IST" name="Default suite" finished-at="2026-04-16T21:45:47 IST" duration-ms="6327">
    <groups>
    </groups>
    <test started-at="2026-04-16T21:45:41 IST" name="Default test" finished-at="2026-04-16T21:45:47 IST" duration-ms="6327">
      <class name="com.Test.NewTest">
        <test-method is-config="true" signature="beforeTest()[pri:0, instance:com.Test.NewTest@38425407]" started-at="2026-04-16T21:45:41 IST" name="beforeTest" finished-at="2026-04-16T21:45:46 IST" duration-ms="5728" status="PASS">
          <reporter-output>
          </reporter-output>
        </test-method> <!-- beforeTest -->
        <test-method signature="LoginValidation()[pri:0, instance:com.Test.NewTest@38425407]" started-at="2026-04-16T21:45:46 IST" name="LoginValidation" finished-at="2026-04-16T21:45:47 IST" duration-ms="487" status="PASS">
          <reporter-output>
          </reporter-output>
        </test-method> <!-- LoginValidation -->
        <test-method is-config="true" signature="afterTest()[pri:0, instance:com.Test.NewTest@38425407]" started-at="2026-04-16T21:45:47 IST" name="afterTest" finished-at="2026-04-16T21:45:47 IST" duration-ms="70" status="PASS">
          <reporter-output>
          </reporter-output>
        </test-method> <!-- afterTest -->
      </class> <!-- com.Test.NewTest -->
    </test> <!-- Default test -->
  </suite> <!-- Default suite -->
</testng-results>
