<?xml version="1.0" encoding="UTF-8"?>
<!-- Generated by org.testng.reporters.JUnitXMLReporter -->
<testsuite ignored="0" hostname="DESKTOP-CN5PLH3" failures="0" tests="3" name="Default test" time="29.353" errors="0" timestamp="2026-04-29T22:03:52 IST">
  <testcase classname="com.Test.LoginTest" name="InvalidLogin" time="3.042"/>
  <testcase classname="com.Test.LoginTest" name="InvalidLogin" time="6.091"/>
  <testcase classname="com.Test.LoginTest" name="ValidLogin" time="5.447"/>
</testsuite> <!-- Default test -->
