<?xml version="1.0" encoding="UTF-8"?>
<!-- Generated by org.testng.reporters.JUnitReportReporter -->
<testsuite hostname="DESKTOP-CN5PLH3" failures="0" tests="3" name="com.Test.NewTest" time="19.014" errors="0" timestamp="2026-04-17T15:48:03 IST" skipped="0">
  <testcase classname="com.Test.NewTest" name="InvalidLogin_Password" time="5.783"/>
  <testcase classname="com.Test.NewTest" name="LoginValidation" time="8.081"/>
  <testcase classname="com.Test.NewTest" name="InvalidLogin_UserName" time="5.150"/>
</testsuite> <!-- com.Test.NewTest -->
