<?xml version="1.0" encoding="UTF-8"?>
<!-- Generated by org.testng.reporters.JUnitReportReporter -->
<testsuite hostname="DESKTOP-CN5PLH3" failures="0" tests="3" name="com.Test.DataProviderDemo2" time="22.011" errors="0" timestamp="2026-04-20T15:26:54 IST" skipped="0">
  <testcase classname="com.Test.DataProviderDemo2" name="search" time="7.927"/>
  <testcase classname="com.Test.DataProviderDemo2" name="search" time="6.306"/>
  <testcase classname="com.Test.DataProviderDemo2" name="search" time="7.778"/>
</testsuite> <!-- com.Test.DataProviderDemo2 -->
