<?xml version="1.0" encoding="UTF-8"?>
<!-- Generated by org.testng.reporters.JUnitReportReporter -->
<testsuite hostname="DESKTOP-CN5PLH3" failures="0" tests="3" name="com.Test.DependsOnGroup" time="0.007" errors="0" timestamp="2026-04-20T12:26:39 IST" skipped="0">
  <testcase classname="com.Test.DependsOnGroup" name="C" time="0.001"/>
  <testcase classname="com.Test.DependsOnGroup" name="B" time="0.003"/>
  <testcase classname="com.Test.DependsOnGroup" name="A" time="0.003"/>
</testsuite> <!-- com.Test.DependsOnGroup -->
