<?xml version="1.0" encoding="UTF-8"?>
<!-- Generated by org.testng.reporters.JUnitReportReporter -->
<testsuite hostname="DESKTOP-CN5PLH3" failures="0" tests="3" name="com.Test.DemoBlaze" time="19.169" errors="0" timestamp="2026-04-20T16:17:09 IST" skipped="0">
  <testcase classname="com.Test.DemoBlaze" name="LoginValidation" time="8.972"/>
  <testcase classname="com.Test.DemoBlaze" name="InvalidLogin" time="4.545"/>
  <testcase classname="com.Test.DemoBlaze" name="InvalidLogin" time="5.652"/>
</testsuite> <!-- com.Test.DemoBlaze -->
