<?xml version="1.0" encoding="UTF-8"?>
<!-- Generated by org.testng.reporters.JUnitReportReporter -->
<testsuite hostname="DESKTOP-CN5PLH3" failures="0" tests="3" name="com.Test.NewTest" time="21.164" errors="0" timestamp="2026-04-20T14:01:45 IST" skipped="0">
  <testcase classname="com.Test.NewTest" name="LoginValidation" time="10.178"/>
  <testcase classname="com.Test.NewTest" name="InvalidLogin_UserName" time="5.616"/>
  <testcase classname="com.Test.NewTest" name="InvalidLogin_Password" time="5.370"/>
</testsuite> <!-- com.Test.NewTest -->
