<?xml version="1.0" encoding="UTF-8"?>
<testng-results ignored="0" total="3" passed="3" failed="0" skipped="0">
  <reporter-output>
  </reporter-output>
  <suite started-at="2026-04-21T19:36:12 IST" name="Suite" finished-at="2026-04-21T19:36:32 IST" duration-ms="19871">
    <groups>
    </groups>
    <test started-at="2026-04-21T19:36:12 IST" name="Test" finished-at="2026-04-21T19:36:32 IST" duration-ms="19871">
      <class name="com.Test.LoginTest">
        <test-method is-config="true" signature="beforeMethod()[pri:0, instance:com.Test.LoginTest@1bb5a082]" started-at="2026-04-21T19:36:14 IST" name="beforeMethod" finished-at="2026-04-21T19:36:26 IST" duration-ms="11165" status="PASS">
          <reporter-output>
          </reporter-output>
        </test-method> <!-- beforeMethod -->
        <test-method is-config="true" signature="beforeMethod()[pri:0, instance:com.Test.LoginTest@1bb5a082]" started-at="2026-04-21T19:36:14 IST" name="beforeMethod" finished-at="2026-04-21T19:36:25 IST" duration-ms="10287" status="PASS">
          <reporter-output>
          </reporter-output>
        </test-method> <!-- beforeMethod -->
        <test-method is-config="true" signature="beforeMethod()[pri:0, instance:com.Test.LoginTest@1bb5a082]" started-at="2026-04-21T19:36:14 IST" name="beforeMethod" finished-at="2026-04-21T19:36:25 IST" duration-ms="10286" status="PASS">
          <reporter-output>
          </reporter-output>
        </test-method> <!-- beforeMethod -->
        <test-method signature="InvalidLogin(java.lang.String,java.lang.String)[pri:0, instance:com.Test.LoginTest@1bb5a082]" started-at="2026-04-21T19:36:25 IST" name="InvalidLogin" data-provider="InValidexcelData" finished-at="2026-04-21T19:36:30 IST" duration-ms="5386" status="PASS">
          <params>
            <param index="0">
              <value>
                <![CDATA[bhdvgs]]>
              </value>
            </param>
            <param index="1">
              <value>
                <![CDATA[admin]]>
              </value>
            </param>
          </params>
          <reporter-output>
          </reporter-output>
        </test-method> <!-- InvalidLogin -->
        <test-method signature="InvalidLogin(java.lang.String,java.lang.String)[pri:0, instance:com.Test.LoginTest@1bb5a082]" started-at="2026-04-21T19:36:25 IST" name="InvalidLogin" data-provider="InValidexcelData" finished-at="2026-04-21T19:36:30 IST" duration-ms="5617" status="PASS">
          <params>
            <param index="0">
              <value>
                <![CDATA[admin]]>
              </value>
            </param>
            <param index="1">
              <value>
                <![CDATA[ad]]>
              </value>
            </param>
          </params>
          <reporter-output>
          </reporter-output>
        </test-method> <!-- InvalidLogin -->
        <test-method signature="LoginValidation(java.lang.String,java.lang.String)[pri:0, instance:com.Test.LoginTest@1bb5a082]" started-at="2026-04-21T19:36:26 IST" name="LoginValidation" data-provider="ValidexcelData" finished-at="2026-04-21T19:36:32 IST" duration-ms="6260" status="PASS">
          <params>
            <param index="0">
              <value>
                <![CDATA[admin]]>
              </value>
            </param>
            <param index="1">
              <value>
                <![CDATA[admin]]>
              </value>
            </param>
          </params>
          <reporter-output>
          </reporter-output>
        </test-method> <!-- LoginValidation -->
        <test-method is-config="true" signature="afterMethod()[pri:0, instance:com.Test.LoginTest@1bb5a082]" started-at="2026-04-21T19:36:30 IST" name="afterMethod" finished-at="2026-04-21T19:36:31 IST" duration-ms="553" status="PASS">
          <reporter-output>
          </reporter-output>
        </test-method> <!-- afterMethod -->
        <test-method is-config="true" signature="afterMethod()[pri:0, instance:com.Test.LoginTest@1bb5a082]" started-at="2026-04-21T19:36:30 IST" name="afterMethod" finished-at="2026-04-21T19:36:31 IST" duration-ms="436" status="PASS">
          <reporter-output>
          </reporter-output>
        </test-method> <!-- afterMethod -->
        <test-method is-config="true" signature="afterMethod()[pri:0, instance:com.Test.LoginTest@1bb5a082]" started-at="2026-04-21T19:36:32 IST" name="afterMethod" finished-at="2026-04-21T19:36:32 IST" duration-ms="347" status="PASS">
          <reporter-output>
          </reporter-output>
        </test-method> <!-- afterMethod -->
      </class> <!-- com.Test.LoginTest -->
    </test> <!-- Test -->
  </suite> <!-- Suite -->
</testng-results>
