<?xml version="1.0" encoding="UTF-8"?>
<!-- Generated by org.testng.reporters.JUnitReportReporter -->
<testsuite hostname="DESKTOP-CN5PLH3" failures="0" tests="3" name="com.Test.LoginTest" time="50.337" errors="0" timestamp="2026-04-21T19:36:32 IST" skipped="0">
  <testcase classname="com.Test.LoginTest" name="LoginValidation" time="17.978"/>
  <testcase classname="com.Test.LoginTest" name="InvalidLogin" time="16.109"/>
  <testcase classname="com.Test.LoginTest" name="InvalidLogin" time="16.250"/>
</testsuite> <!-- com.Test.LoginTest -->
